2022-10-28 20:37:55.387  INFO 24844 --- [restartedMain] c.shopme.admin.ShopmeBackEndApplication  : Starting ShopmeBackEndApplication using Java 17.0.4 on DESKTOP-2QI24SN with PID 24844 (C:\Users\Rahul\Documents\SpringProjects\ShopmeProject\ShopmeWebParent\ShopmeBackEnd\target\classes started by Rahul in C:\Users\Rahul\Documents\SpringProjects\ShopmeProject\ShopmeWebParent\ShopmeBackEnd)
2022-10-28 20:37:55.387  INFO 24844 --- [restartedMain] c.shopme.admin.ShopmeBackEndApplication  : No active profile set, falling back to 1 default profile: "default"
2022-10-28 20:37:55.685  INFO 24844 --- [restartedMain] .s.d.r.c.RepositoryConfigurationDelegate : Bootstrapping Spring Data JPA repositories in DEFAULT mode.
2022-10-28 20:37:55.701  INFO 24844 --- [restartedMain] .s.d.r.c.RepositoryConfigurationDelegate : Finished Spring Data repository scanning in 15 ms. Found 2 JPA repository interfaces.
2022-10-28 20:37:55.806  INFO 24844 --- [restartedMain] o.s.b.w.embedded.tomcat.TomcatWebServer  : Tomcat initialized with port(s): 8080 (http)
2022-10-28 20:37:55.806  INFO 24844 --- [restartedMain] o.apache.catalina.core.StandardService   : Starting service [Tomcat]
2022-10-28 20:37:55.806  INFO 24844 --- [restartedMain] org.apache.catalina.core.StandardEngine  : Starting Servlet engine: [Apache Tomcat/9.0.65]
2022-10-28 20:37:55.832  INFO 24844 --- [restartedMain] o.a.c.c.C.[.[localhost].[/ShopmeAdmin]   : Initializing Spring embedded WebApplicationContext
2022-10-28 20:37:55.832  INFO 24844 --- [restartedMain] w.s.c.ServletWebServerApplicationContext : Root WebApplicationContext: initialization completed in 441 ms
2022-10-28 20:37:55.876  INFO 24844 --- [restartedMain] o.hibernate.jpa.internal.util.LogHelper  : HHH000204: Processing PersistenceUnitInfo [name: default]
2022-10-28 20:37:55.886  INFO 24844 --- [restartedMain] com.zaxxer.hikari.HikariDataSource       : HikariPool-3 - Starting...
2022-10-28 20:37:55.899  INFO 24844 --- [restartedMain] com.zaxxer.hikari.HikariDataSource       : HikariPool-3 - Start completed.
2022-10-28 20:37:55.899  INFO 24844 --- [restartedMain] org.hibernate.dialect.Dialect            : HHH000400: Using dialect: org.hibernate.dialect.MySQL8Dialect
2022-10-28 20:37:55.957  INFO 24844 --- [restartedMain] o.h.e.t.j.p.i.JtaPlatformInitiator       : HHH000490: Using JtaPlatform implementation: [org.hibernate.engine.transaction.jta.platform.internal.NoJtaPlatform]
2022-10-28 20:37:55.957  INFO 24844 --- [restartedMain] j.LocalContainerEntityManagerFactoryBean : Initialized JPA EntityManagerFactory for persistence unit 'default'
2022-10-28 20:37:55.986  WARN 24844 --- [restartedMain] JpaBaseConfiguration$JpaWebConfiguration : spring.jpa.open-in-view is enabled by default. Therefore, database queries may be performed during view rendering. Explicitly configure spring.jpa.open-in-view to disable this warning
2022-10-28 20:37:56.091  WARN 24844 --- [restartedMain] o.s.s.c.a.web.builders.WebSecurity       : You are asking Spring Security to ignore Ant [pattern='/images/**']. This is not recommended -- please use permitAll via HttpSecurity#authorizeHttpRequests instead.
2022-10-28 20:37:56.091  INFO 24844 --- [restartedMain] o.s.s.web.DefaultSecurityFilterChain     : Will not secure Ant [pattern='/images/**']
2022-10-28 20:37:56.091  WARN 24844 --- [restartedMain] o.s.s.c.a.web.builders.WebSecurity       : You are asking Spring Security to ignore Ant [pattern='/js/**']. This is not recommended -- please use permitAll via HttpSecurity#authorizeHttpRequests instead.
2022-10-28 20:37:56.091  INFO 24844 --- [restartedMain] o.s.s.web.DefaultSecurityFilterChain     : Will not secure Ant [pattern='/js/**']
2022-10-28 20:37:56.091  WARN 24844 --- [restartedMain] o.s.s.c.a.web.builders.WebSecurity       : You are asking Spring Security to ignore Ant [pattern='/webjars/**']. This is not recommended -- please use permitAll via HttpSecurity#authorizeHttpRequests instead.
2022-10-28 20:37:56.091  INFO 24844 --- [restartedMain] o.s.s.web.DefaultSecurityFilterChain     : Will not secure Ant [pattern='/webjars/**']
2022-10-28 20:37:56.100  INFO 24844 --- [restartedMain] o.s.s.web.DefaultSecurityFilterChain     : Will secure any request with [org.springframework.security.web.session.DisableEncodeUrlFilter@142a445d, org.springframework.security.web.context.request.async.WebAsyncManagerIntegrationFilter@edbb055, org.springframework.security.web.context.SecurityContextPersistenceFilter@21b7d9a7, org.springframework.security.web.header.HeaderWriterFilter@44003bf3, org.springframework.security.web.csrf.CsrfFilter@7a68ff64, org.springframework.security.web.authentication.logout.LogoutFilter@727a6eaa, org.springframework.security.web.authentication.UsernamePasswordAuthenticationFilter@3c1c59de, org.springframework.security.web.savedrequest.RequestCacheAwareFilter@561f0ad3, org.springframework.security.web.servletapi.SecurityContextHolderAwareRequestFilter@13056c40, org.springframework.security.web.authentication.rememberme.RememberMeAuthenticationFilter@3791b9e2, org.springframework.security.web.authentication.AnonymousAuthenticationFilter@5057daf9, org.springframework.security.web.session.SessionManagementFilter@1c99868f, org.springframework.security.web.access.ExceptionTranslationFilter@3999d8ca, org.springframework.security.web.access.intercept.FilterSecurityInterceptor@2831d10]
2022-10-28 20:37:56.152  INFO 24844 --- [restartedMain] o.s.b.a.w.s.WelcomePageHandlerMapping    : Adding welcome page template: index
2022-10-28 20:37:56.434  INFO 24844 --- [restartedMain] o.s.l.c.support.AbstractContextSource    : Property 'userDn' not set - anonymous context will be used for read-write operations
2022-10-28 20:37:56.451  INFO 24844 --- [restartedMain] o.s.b.d.a.OptionalLiveReloadServer       : LiveReload server is running on port 35729
2022-10-28 20:37:56.464  INFO 24844 --- [restartedMain] o.s.b.w.embedded.tomcat.TomcatWebServer  : Tomcat started on port(s): 8080 (http) with context path '/ShopmeAdmin'
2022-10-28 20:37:56.468  INFO 24844 --- [restartedMain] c.shopme.admin.ShopmeBackEndApplication  : Started ShopmeBackEndApplication in 1.128 seconds (JVM running for 891.894)
2022-10-28 20:37:56.470  INFO 24844 --- [restartedMain] .ConditionEvaluationDeltaLoggingListener : Condition evaluation unchanged
2022-10-28 23:11:35.935  INFO 24844 --- [File Watcher] rtingClassPathChangeChangedEventListener : Restarting due to 1 class path change (0 additions, 0 deletions, 1 modification)
2022-10-28 23:11:35.944  INFO 24844 --- [Thread-21] o.apache.catalina.core.StandardService   : Stopping service [Tomcat]
2022-10-28 23:11:35.949  INFO 24844 --- [Thread-21] j.LocalContainerEntityManagerFactoryBean : Closing JPA EntityManagerFactory for persistence unit 'default'
2022-10-28 23:11:35.950  INFO 24844 --- [Thread-21] com.zaxxer.hikari.HikariDataSource       : HikariPool-3 - Shutdown initiated...
2022-10-28 23:11:35.953  INFO 24844 --- [Thread-21] com.zaxxer.hikari.HikariDataSource       : HikariPool-3 - Shutdown completed.
2022-10-28 23:11:36.046  INFO 24844 --- [restartedMain] c.shopme.admin.ShopmeBackEndApplication  : Starting ShopmeBackEndApplication using Java 17.0.4 on DESKTOP-2QI24SN with PID 24844 (C:\Users\Rahul\Documents\SpringProjects\ShopmeProject\ShopmeWebParent\ShopmeBackEnd\target\classes started by Rahul in C:\Users\Rahul\Documents\SpringProjects\ShopmeProject\ShopmeWebParent\ShopmeBackEnd)
2022-10-28 23:11:36.046  INFO 24844 --- [restartedMain] c.shopme.admin.ShopmeBackEndApplication  : No active profile set, falling back to 1 default profile: "default"
2022-10-28 23:11:36.548  INFO 24844 --- [restartedMain] .s.d.r.c.RepositoryConfigurationDelegate : Bootstrapping Spring Data JPA repositories in DEFAULT mode.
2022-10-28 23:11:36.579  INFO 24844 --- [restartedMain] .s.d.r.c.RepositoryConfigurationDelegate : Finished Spring Data repository scanning in 29 ms. Found 2 JPA repository interfaces.
2022-10-28 23:11:36.685  INFO 24844 --- [restartedMain] o.s.b.w.embedded.tomcat.TomcatWebServer  : Tomcat initialized with port(s): 8080 (http)
2022-10-28 23:11:36.686  INFO 24844 --- [restartedMain] o.apache.catalina.core.StandardService   : Starting service [Tomcat]
2022-10-28 23:11:36.686  INFO 24844 --- [restartedMain] org.apache.catalina.core.StandardEngine  : Starting Servlet engine: [Apache Tomcat/9.0.65]
2022-10-28 23:11:36.714  INFO 24844 --- [restartedMain] o.a.c.c.C.[.[localhost].[/ShopmeAdmin]   : Initializing Spring embedded WebApplicationContext
2022-10-28 23:11:36.714  INFO 24844 --- [restartedMain] w.s.c.ServletWebServerApplicationContext : Root WebApplicationContext: initialization completed in 664 ms
2022-10-28 23:11:36.763  INFO 24844 --- [restartedMain] o.hibernate.jpa.internal.util.LogHelper  : HHH000204: Processing PersistenceUnitInfo [name: default]
2022-10-28 23:11:36.777  INFO 24844 --- [restartedMain] com.zaxxer.hikari.HikariDataSource       : HikariPool-4 - Starting...
2022-10-28 23:11:36.789  INFO 24844 --- [restartedMain] com.zaxxer.hikari.HikariDataSource       : HikariPool-4 - Start completed.
2022-10-28 23:11:36.791  INFO 24844 --- [restartedMain] org.hibernate.dialect.Dialect            : HHH000400: Using dialect: org.hibernate.dialect.MySQL8Dialect
2022-10-28 23:11:36.886  INFO 24844 --- [restartedMain] o.h.e.t.j.p.i.JtaPlatformInitiator       : HHH000490: Using JtaPlatform implementation: [org.hibernate.engine.transaction.jta.platform.internal.NoJtaPlatform]
2022-10-28 23:11:36.887  INFO 24844 --- [restartedMain] j.LocalContainerEntityManagerFactoryBean : Initialized JPA EntityManagerFactory for persistence unit 'default'
2022-10-28 23:11:36.909  WARN 24844 --- [restartedMain] JpaBaseConfiguration$JpaWebConfiguration : spring.jpa.open-in-view is enabled by default. Therefore, database queries may be performed during view rendering. Explicitly configure spring.jpa.open-in-view to disable this warning
2022-10-28 23:11:36.998  WARN 24844 --- [restartedMain] o.s.s.c.a.web.builders.WebSecurity       : You are asking Spring Security to ignore Ant [pattern='/images/**']. This is not recommended -- please use permitAll via HttpSecurity#authorizeHttpRequests instead.
2022-10-28 23:11:36.998  INFO 24844 --- [restartedMain] o.s.s.web.DefaultSecurityFilterChain     : Will not secure Ant [pattern='/images/**']
2022-10-28 23:11:36.998  WARN 24844 --- [restartedMain] o.s.s.c.a.web.builders.WebSecurity       : You are asking Spring Security to ignore Ant [pattern='/js/**']. This is not recommended -- please use permitAll via HttpSecurity#authorizeHttpRequests instead.
2022-10-28 23:11:36.998  INFO 24844 --- [restartedMain] o.s.s.web.DefaultSecurityFilterChain     : Will not secure Ant [pattern='/js/**']
2022-10-28 23:11:36.998  WARN 24844 --- [restartedMain] o.s.s.c.a.web.builders.WebSecurity       : You are asking Spring Security to ignore Ant [pattern='/webjars/**']. This is not recommended -- please use permitAll via HttpSecurity#authorizeHttpRequests instead.
2022-10-28 23:11:36.998  INFO 24844 --- [restartedMain] o.s.s.web.DefaultSecurityFilterChain     : Will not secure Ant [pattern='/webjars/**']
2022-10-28 23:11:37.006  INFO 24844 --- [restartedMain] o.s.s.web.DefaultSecurityFilterChain     : Will secure any request with [org.springframework.security.web.session.DisableEncodeUrlFilter@7522974e, org.springframework.security.web.context.request.async.WebAsyncManagerIntegrationFilter@1772db16, org.springframework.security.web.context.SecurityContextPersistenceFilter@6f109519, org.springframework.security.web.header.HeaderWriterFilter@2a4aa55, org.springframework.security.web.csrf.CsrfFilter@1f839980, org.springframework.security.web.authentication.logout.LogoutFilter@35dab1f4, org.springframework.security.web.authentication.UsernamePasswordAuthenticationFilter@155f7136, org.springframework.security.web.savedrequest.RequestCacheAwareFilter@181ef231, org.springframework.security.web.servletapi.SecurityContextHolderAwareRequestFilter@3f4f1565, org.springframework.security.web.authentication.rememberme.RememberMeAuthenticationFilter@51c857ed, org.springframework.security.web.authentication.AnonymousAuthenticationFilter@794ade0f, org.springframework.security.web.session.SessionManagementFilter@6cdc5e9b, org.springframework.security.web.access.ExceptionTranslationFilter@6d235b59, org.springframework.security.web.access.intercept.FilterSecurityInterceptor@7632900c]
2022-10-28 23:11:37.051  INFO 24844 --- [restartedMain] o.s.b.a.w.s.WelcomePageHandlerMapping    : Adding welcome page template: index
2022-10-28 23:11:38.899  INFO 24844 --- [restartedMain] o.s.l.c.support.AbstractContextSource    : Property 'userDn' not set - anonymous context will be used for read-write operations
2022-10-28 23:11:38.912  INFO 24844 --- [restartedMain] o.s.b.d.a.OptionalLiveReloadServer       : LiveReload server is running on port 35729
2022-10-28 23:11:38.926  INFO 24844 --- [restartedMain] o.s.b.w.embedded.tomcat.TomcatWebServer  : Tomcat started on port(s): 8080 (http) with context path '/ShopmeAdmin'
2022-10-28 23:11:38.930  INFO 24844 --- [restartedMain] c.shopme.admin.ShopmeBackEndApplication  : Started ShopmeBackEndApplication in 2.924 seconds (JVM running for 10114.355)
2022-10-28 23:11:38.931  INFO 24844 --- [restartedMain] .ConditionEvaluationDeltaLoggingListener : Condition evaluation unchanged
