2022-10-29 00:54:01.443  INFO 24844 --- [RMI TCP Connection(310)-127.0.0.1] inMXBeanRegistrar$SpringApplicationAdmin : Application shutdown requested.
2022-10-29 00:54:01.453  INFO 24844 --- [RMI TCP Connection(310)-127.0.0.1] o.apache.catalina.core.StandardService   : Stopping service [Tomcat]
2022-10-29 00:54:01.458  INFO 24844 --- [RMI TCP Connection(310)-127.0.0.1] j.LocalContainerEntityManagerFactoryBean : Closing JPA EntityManagerFactory for persistence unit 'default'
2022-10-29 00:54:01.459  INFO 24844 --- [RMI TCP Connection(310)-127.0.0.1] com.zaxxer.hikari.HikariDataSource       : HikariPool-4 - Shutdown initiated...
2022-10-29 00:54:01.462  INFO 24844 --- [RMI TCP Connection(310)-127.0.0.1] com.zaxxer.hikari.HikariDataSource       : HikariPool-4 - Shutdown completed.
2022-10-29 00:54:07.163  INFO 22716 --- [restartedMain] c.shopme.admin.ShopmeBackEndApplication  : Starting ShopmeBackEndApplication using Java 17.0.4 on DESKTOP-2QI24SN with PID 22716 (C:\Users\Rahul\Documents\SpringProjects\ShopmeProject\ShopmeWebParent\ShopmeBackEnd\target\classes started by Rahul in C:\Users\Rahul\Documents\SpringProjects\ShopmeProject\ShopmeWebParent\ShopmeBackEnd)
2022-10-29 00:54:07.164  INFO 22716 --- [restartedMain] c.shopme.admin.ShopmeBackEndApplication  : No active profile set, falling back to 1 default profile: "default"
2022-10-29 00:54:07.209  INFO 22716 --- [restartedMain] .e.DevToolsPropertyDefaultsPostProcessor : Devtools property defaults active! Set 'spring.devtools.add-properties' to 'false' to disable
2022-10-29 00:54:07.209  INFO 22716 --- [restartedMain] .e.DevToolsPropertyDefaultsPostProcessor : For additional web related logging consider setting the 'logging.level.web' property to 'DEBUG'
2022-10-29 00:54:07.872  INFO 22716 --- [restartedMain] .s.d.r.c.RepositoryConfigurationDelegate : Bootstrapping Spring Data JPA repositories in DEFAULT mode.
2022-10-29 00:54:07.927  INFO 22716 --- [restartedMain] .s.d.r.c.RepositoryConfigurationDelegate : Finished Spring Data repository scanning in 46 ms. Found 2 JPA repository interfaces.
2022-10-29 00:54:08.584  INFO 22716 --- [restartedMain] o.s.b.w.embedded.tomcat.TomcatWebServer  : Tomcat initialized with port(s): 8080 (http)
2022-10-29 00:54:08.592  INFO 22716 --- [restartedMain] o.apache.catalina.core.StandardService   : Starting service [Tomcat]
2022-10-29 00:54:08.593  INFO 22716 --- [restartedMain] org.apache.catalina.core.StandardEngine  : Starting Servlet engine: [Apache Tomcat/9.0.65]
2022-10-29 00:54:08.686  INFO 22716 --- [restartedMain] o.a.c.c.C.[.[localhost].[/ShopmeAdmin]   : Initializing Spring embedded WebApplicationContext
2022-10-29 00:54:08.687  INFO 22716 --- [restartedMain] w.s.c.ServletWebServerApplicationContext : Root WebApplicationContext: initialization completed in 1477 ms
2022-10-29 00:54:08.859  INFO 22716 --- [restartedMain] o.hibernate.jpa.internal.util.LogHelper  : HHH000204: Processing PersistenceUnitInfo [name: default]
2022-10-29 00:54:08.907  INFO 22716 --- [restartedMain] org.hibernate.Version                    : HHH000412: Hibernate ORM core version 5.6.11.Final
2022-10-29 00:54:09.066  INFO 22716 --- [restartedMain] o.hibernate.annotations.common.Version   : HCANN000001: Hibernate Commons Annotations {5.1.2.Final}
2022-10-29 00:54:09.175  INFO 22716 --- [restartedMain] com.zaxxer.hikari.HikariDataSource       : HikariPool-1 - Starting...
2022-10-29 00:54:09.461  INFO 22716 --- [restartedMain] com.zaxxer.hikari.HikariDataSource       : HikariPool-1 - Start completed.
2022-10-29 00:54:09.476  INFO 22716 --- [restartedMain] org.hibernate.dialect.Dialect            : HHH000400: Using dialect: org.hibernate.dialect.MySQL8Dialect
2022-10-29 00:54:10.127  INFO 22716 --- [restartedMain] o.h.e.t.j.p.i.JtaPlatformInitiator       : HHH000490: Using JtaPlatform implementation: [org.hibernate.engine.transaction.jta.platform.internal.NoJtaPlatform]
2022-10-29 00:54:10.135  INFO 22716 --- [restartedMain] j.LocalContainerEntityManagerFactoryBean : Initialized JPA EntityManagerFactory for persistence unit 'default'
2022-10-29 00:54:10.189  WARN 22716 --- [restartedMain] JpaBaseConfiguration$JpaWebConfiguration : spring.jpa.open-in-view is enabled by default. Therefore, database queries may be performed during view rendering. Explicitly configure spring.jpa.open-in-view to disable this warning
2022-10-29 00:54:10.689  WARN 22716 --- [restartedMain] o.s.s.c.a.web.builders.WebSecurity       : You are asking Spring Security to ignore Ant [pattern='/images/**']. This is not recommended -- please use permitAll via HttpSecurity#authorizeHttpRequests instead.
2022-10-29 00:54:10.689  INFO 22716 --- [restartedMain] o.s.s.web.DefaultSecurityFilterChain     : Will not secure Ant [pattern='/images/**']
2022-10-29 00:54:10.690  WARN 22716 --- [restartedMain] o.s.s.c.a.web.builders.WebSecurity       : You are asking Spring Security to ignore Ant [pattern='/js/**']. This is not recommended -- please use permitAll via HttpSecurity#authorizeHttpRequests instead.
2022-10-29 00:54:10.690  INFO 22716 --- [restartedMain] o.s.s.web.DefaultSecurityFilterChain     : Will not secure Ant [pattern='/js/**']
2022-10-29 00:54:10.690  WARN 22716 --- [restartedMain] o.s.s.c.a.web.builders.WebSecurity       : You are asking Spring Security to ignore Ant [pattern='/webjars/**']. This is not recommended -- please use permitAll via HttpSecurity#authorizeHttpRequests instead.
2022-10-29 00:54:10.690  INFO 22716 --- [restartedMain] o.s.s.web.DefaultSecurityFilterChain     : Will not secure Ant [pattern='/webjars/**']
2022-10-29 00:54:10.735  INFO 22716 --- [restartedMain] o.s.s.web.DefaultSecurityFilterChain     : Will secure any request with [org.springframework.security.web.session.DisableEncodeUrlFilter@17cc721, org.springframework.security.web.context.request.async.WebAsyncManagerIntegrationFilter@7bdd619f, org.springframework.security.web.context.SecurityContextPersistenceFilter@51639d68, org.springframework.security.web.header.HeaderWriterFilter@3337c50f, org.springframework.security.web.csrf.CsrfFilter@7bce590f, org.springframework.security.web.authentication.logout.LogoutFilter@58f3fdb6, org.springframework.security.web.authentication.UsernamePasswordAuthenticationFilter@53075099, org.springframework.security.web.savedrequest.RequestCacheAwareFilter@3ac7b312, org.springframework.security.web.servletapi.SecurityContextHolderAwareRequestFilter@4ab7424c, org.springframework.security.web.authentication.rememberme.RememberMeAuthenticationFilter@1ed32e48, org.springframework.security.web.authentication.AnonymousAuthenticationFilter@4507d191, org.springframework.security.web.session.SessionManagementFilter@1c67927, org.springframework.security.web.access.ExceptionTranslationFilter@11a0185d, org.springframework.security.web.access.intercept.FilterSecurityInterceptor@34d7028b]
2022-10-29 00:54:10.877  INFO 22716 --- [restartedMain] o.s.b.a.w.s.WelcomePageHandlerMapping    : Adding welcome page template: index
2022-10-29 00:54:11.294  INFO 22716 --- [restartedMain] o.s.l.c.support.AbstractContextSource    : Property 'userDn' not set - anonymous context will be used for read-write operations
2022-10-29 00:54:11.356  INFO 22716 --- [restartedMain] o.s.b.d.a.OptionalLiveReloadServer       : LiveReload server is running on port 35729
2022-10-29 00:54:11.392  INFO 22716 --- [restartedMain] o.s.b.w.embedded.tomcat.TomcatWebServer  : Tomcat started on port(s): 8080 (http) with context path '/ShopmeAdmin'
2022-10-29 00:54:11.401  INFO 22716 --- [restartedMain] c.shopme.admin.ShopmeBackEndApplication  : Started ShopmeBackEndApplication in 4.572 seconds (JVM running for 5.606)
2022-10-29 01:14:23.669  INFO 22716 --- [File Watcher] rtingClassPathChangeChangedEventListener : Restarting due to 1 class path change (0 additions, 0 deletions, 1 modification)
2022-10-29 01:14:23.678  INFO 22716 --- [Thread-6] o.apache.catalina.core.StandardService   : Stopping service [Tomcat]
2022-10-29 01:14:23.686  INFO 22716 --- [Thread-6] j.LocalContainerEntityManagerFactoryBean : Closing JPA EntityManagerFactory for persistence unit 'default'
2022-10-29 01:14:23.689  INFO 22716 --- [Thread-6] com.zaxxer.hikari.HikariDataSource       : HikariPool-1 - Shutdown initiated...
2022-10-29 01:14:23.695  INFO 22716 --- [Thread-6] com.zaxxer.hikari.HikariDataSource       : HikariPool-1 - Shutdown completed.
2022-10-29 01:14:23.786  INFO 22716 --- [restartedMain] c.shopme.admin.ShopmeBackEndApplication  : Starting ShopmeBackEndApplication using Java 17.0.4 on DESKTOP-2QI24SN with PID 22716 (C:\Users\Rahul\Documents\SpringProjects\ShopmeProject\ShopmeWebParent\ShopmeBackEnd\target\classes started by Rahul in C:\Users\Rahul\Documents\SpringProjects\ShopmeProject\ShopmeWebParent\ShopmeBackEnd)
2022-10-29 01:14:23.786  INFO 22716 --- [restartedMain] c.shopme.admin.ShopmeBackEndApplication  : No active profile set, falling back to 1 default profile: "default"
2022-10-29 01:14:24.115  INFO 22716 --- [restartedMain] .s.d.r.c.RepositoryConfigurationDelegate : Bootstrapping Spring Data JPA repositories in DEFAULT mode.
2022-10-29 01:14:24.133  INFO 22716 --- [restartedMain] .s.d.r.c.RepositoryConfigurationDelegate : Finished Spring Data repository scanning in 16 ms. Found 2 JPA repository interfaces.
2022-10-29 01:14:24.270  INFO 22716 --- [restartedMain] o.s.b.w.embedded.tomcat.TomcatWebServer  : Tomcat initialized with port(s): 8080 (http)
2022-10-29 01:14:24.270  INFO 22716 --- [restartedMain] o.apache.catalina.core.StandardService   : Starting service [Tomcat]
2022-10-29 01:14:24.270  INFO 22716 --- [restartedMain] org.apache.catalina.core.StandardEngine  : Starting Servlet engine: [Apache Tomcat/9.0.65]
2022-10-29 01:14:24.296  INFO 22716 --- [restartedMain] o.a.c.c.C.[.[localhost].[/ShopmeAdmin]   : Initializing Spring embedded WebApplicationContext
2022-10-29 01:14:24.296  INFO 22716 --- [restartedMain] w.s.c.ServletWebServerApplicationContext : Root WebApplicationContext: initialization completed in 506 ms
2022-10-29 01:14:24.332  INFO 22716 --- [restartedMain] o.hibernate.jpa.internal.util.LogHelper  : HHH000204: Processing PersistenceUnitInfo [name: default]
2022-10-29 01:14:24.340  INFO 22716 --- [restartedMain] com.zaxxer.hikari.HikariDataSource       : HikariPool-2 - Starting...
2022-10-29 01:14:24.353  INFO 22716 --- [restartedMain] com.zaxxer.hikari.HikariDataSource       : HikariPool-2 - Start completed.
2022-10-29 01:14:24.354  INFO 22716 --- [restartedMain] org.hibernate.dialect.Dialect            : HHH000400: Using dialect: org.hibernate.dialect.MySQL8Dialect
2022-10-29 01:14:24.431  INFO 22716 --- [restartedMain] o.h.e.t.j.p.i.JtaPlatformInitiator       : HHH000490: Using JtaPlatform implementation: [org.hibernate.engine.transaction.jta.platform.internal.NoJtaPlatform]
2022-10-29 01:14:24.431  INFO 22716 --- [restartedMain] j.LocalContainerEntityManagerFactoryBean : Initialized JPA EntityManagerFactory for persistence unit 'default'
2022-10-29 01:14:24.461  WARN 22716 --- [restartedMain] JpaBaseConfiguration$JpaWebConfiguration : spring.jpa.open-in-view is enabled by default. Therefore, database queries may be performed during view rendering. Explicitly configure spring.jpa.open-in-view to disable this warning
2022-10-29 01:14:24.580  WARN 22716 --- [restartedMain] o.s.s.c.a.web.builders.WebSecurity       : You are asking Spring Security to ignore Ant [pattern='/images/**']. This is not recommended -- please use permitAll via HttpSecurity#authorizeHttpRequests instead.
2022-10-29 01:14:24.580  INFO 22716 --- [restartedMain] o.s.s.web.DefaultSecurityFilterChain     : Will not secure Ant [pattern='/images/**']
2022-10-29 01:14:24.580  WARN 22716 --- [restartedMain] o.s.s.c.a.web.builders.WebSecurity       : You are asking Spring Security to ignore Ant [pattern='/js/**']. This is not recommended -- please use permitAll via HttpSecurity#authorizeHttpRequests instead.
2022-10-29 01:14:24.580  INFO 22716 --- [restartedMain] o.s.s.web.DefaultSecurityFilterChain     : Will not secure Ant [pattern='/js/**']
2022-10-29 01:14:24.580  WARN 22716 --- [restartedMain] o.s.s.c.a.web.builders.WebSecurity       : You are asking Spring Security to ignore Ant [pattern='/webjars/**']. This is not recommended -- please use permitAll via HttpSecurity#authorizeHttpRequests instead.
2022-10-29 01:14:24.580  INFO 22716 --- [restartedMain] o.s.s.web.DefaultSecurityFilterChain     : Will not secure Ant [pattern='/webjars/**']
2022-10-29 01:14:24.590  INFO 22716 --- [restartedMain] o.s.s.web.DefaultSecurityFilterChain     : Will secure any request with [org.springframework.security.web.session.DisableEncodeUrlFilter@6a151624, org.springframework.security.web.context.request.async.WebAsyncManagerIntegrationFilter@22f461ec, org.springframework.security.web.context.SecurityContextPersistenceFilter@48b4aae6, org.springframework.security.web.header.HeaderWriterFilter@321a6faf, org.springframework.security.web.csrf.CsrfFilter@464c0931, org.springframework.security.web.authentication.logout.LogoutFilter@76e1a365, org.springframework.security.web.authentication.UsernamePasswordAuthenticationFilter@34fc9b29, org.springframework.security.web.savedrequest.RequestCacheAwareFilter@66c5bfd3, org.springframework.security.web.servletapi.SecurityContextHolderAwareRequestFilter@7c3d3b3, org.springframework.security.web.authentication.rememberme.RememberMeAuthenticationFilter@602df574, org.springframework.security.web.authentication.AnonymousAuthenticationFilter@72818348, org.springframework.security.web.session.SessionManagementFilter@6e173394, org.springframework.security.web.access.ExceptionTranslationFilter@28c0c3e0, org.springframework.security.web.access.intercept.FilterSecurityInterceptor@74f79bd9]
2022-10-29 01:14:24.651  INFO 22716 --- [restartedMain] o.s.b.a.w.s.WelcomePageHandlerMapping    : Adding welcome page template: index
2022-10-29 01:14:24.903  INFO 22716 --- [restartedMain] o.s.l.c.support.AbstractContextSource    : Property 'userDn' not set - anonymous context will be used for read-write operations
2022-10-29 01:14:24.925  INFO 22716 --- [restartedMain] o.s.b.d.a.OptionalLiveReloadServer       : LiveReload server is running on port 35729
2022-10-29 01:14:24.938  INFO 22716 --- [restartedMain] o.s.b.w.embedded.tomcat.TomcatWebServer  : Tomcat started on port(s): 8080 (http) with context path '/ShopmeAdmin'
2022-10-29 01:14:24.943  INFO 22716 --- [restartedMain] c.shopme.admin.ShopmeBackEndApplication  : Started ShopmeBackEndApplication in 1.196 seconds (JVM running for 1219.147)
2022-10-29 01:14:24.945  INFO 22716 --- [restartedMain] .ConditionEvaluationDeltaLoggingListener : Condition evaluation unchanged
2022-10-29 01:18:53.829  INFO 22716 --- [File Watcher] rtingClassPathChangeChangedEventListener : Restarting due to 1 class path change (0 additions, 0 deletions, 1 modification)
2022-10-29 01:18:53.835  INFO 22716 --- [Thread-8] o.apache.catalina.core.StandardService   : Stopping service [Tomcat]
2022-10-29 01:18:53.840  INFO 22716 --- [Thread-8] j.LocalContainerEntityManagerFactoryBean : Closing JPA EntityManagerFactory for persistence unit 'default'
2022-10-29 01:18:53.841  INFO 22716 --- [Thread-8] com.zaxxer.hikari.HikariDataSource       : HikariPool-2 - Shutdown initiated...
2022-10-29 01:18:53.846  INFO 22716 --- [Thread-8] com.zaxxer.hikari.HikariDataSource       : HikariPool-2 - Shutdown completed.
